app/build/outputs/logs/manifest-merger-debug-report.txt
-- Merging decision tree log ---
manifest
ADDED from src\main\AndroidManifest.xml:2:1-279:12
	package
		ADDED from src\main\AndroidManifest.xml:4:5-38
		INJECTED from src\main\AndroidManifest.xml
		INJECTED from src\main\AndroidManifest.xml
	android:versionName
		INJECTED from src\main\AndroidManifest.xml
		INJECTED from src\main\AndroidManifest.xml
	xmlns:tools
		ADDED from src\main\AndroidManifest.xml:3:5-51
	xmlns:android
		ADDED from src\main\AndroidManifest.xml:2:11-69
	android:versionCode
		INJECTED from src\main\AndroidManifest.xml
		INJECTED from src\main\AndroidManifest.xml
uses-feature#android.hardware.camera
ADDED from src\main\AndroidManifest.xml:6:5-60
	android:name
		ADDED from src\main\AndroidManifest.xml:6:19-57
uses-feature#android.hardware.camera.autofocus
ADDED from src\main\AndroidManifest.xml:7:5-70
	android:name
		ADDED from src\main\AndroidManifest.xml:7:19-67
uses-permission#android.permission.READ_CONTACTS
ADDED from src\main\AndroidManifest.xml:9:5-72
	android:name
		ADDED from src\main\AndroidManifest.xml:9:22-69
uses-permission#android.permission.INTERNET
ADDED from src\main\AndroidManifest.xml:10:5-67
MERGED from [com.github.LuckSiege.PictureSelector:picture_library:v2.1.1] AndroidManifest.xml:15:5-67
	android:name
		ADDED from src\main\AndroidManifest.xml:10:22-64
uses-permission#android.permission.RECEIVE_SMS
ADDED from src\main\AndroidManifest.xml:11:5-70
	android:name
		ADDED from src\main\AndroidManifest.xml:11:22-67
uses-permission#android.permission.ACCESS_FINE_LOCATION
ADDED from src\main\AndroidManifest.xml:12:5-79
	android:name
		ADDED from src\main\AndroidManifest.xml:12:22-76
uses-permission#android.permission.CALL_PHONE
ADDED from src\main\AndroidManifest.xml:13:5-69
	android:name
		ADDED from src\main\AndroidManifest.xml:13:22-66
uses-permission#android.permission.CAMERA
ADDED from src\main\AndroidManifest.xml:14:5-65
MERGED from [com.github.LuckSiege.PictureSelector:picture_library:v2.1.1] AndroidManifest.xml:13:5-65
	android:name
		ADDED from src\main\AndroidManifest.xml:14:22-62
uses-permission#android.permission.CHANGE_CONFIGURATION
ADDED from src\main\AndroidManifest.xml:15:5-79
	android:name
		ADDED from src\main\AndroidManifest.xml:15:22-76
permission#com.lss.duolejie_seller.permission.JPUSH_MESSAGE
ADDED from src\main\AndroidManifest.xml:17:5-19:47
	android:protectionLevel
		ADDED from src\main\AndroidManifest.xml:19:9-44
	android:name
		ADDED from src\main\AndroidManifest.xml:18:9-72
uses-permission#com.lss.duolejie_seller.permission.JPUSH_MESSAGE
ADDED from src\main\AndroidManifest.xml:21:5-88
	android:name
		ADDED from src\main\AndroidManifest.xml:21:22-85
uses-permission#android.permission.RECEIVE_USER_PRESENT
ADDED from src\main\AndroidManifest.xml:22:5-79
	android:name
		ADDED from src\main\AndroidManifest.xml:22:22-76
uses-permission#android.permission.WAKE_LOCK
ADDED from src\main\AndroidManifest.xml:23:5-68
	android:name
		ADDED from src\main\AndroidManifest.xml:23:22-65
uses-permission#android.permission.READ_PHONE_STATE
ADDED from src\main\AndroidManifest.xml:24:5-75
	android:name
		ADDED from src\main\AndroidManifest.xml:24:22-72
uses-permission#android.permission.WRITE_EXTERNAL_STORAGE
ADDED from src\main\AndroidManifest.xml:25:5-81
MERGED from [com.github.LuckSiege.PictureSelector:picture_library:v2.1.1] AndroidManifest.xml:12:5-81
	android:name
		ADDED from src\main\AndroidManifest.xml:25:22-78
uses-permission#android.permission.READ_EXTERNAL_STORAGE
ADDED from src\main\AndroidManifest.xml:26:5-80
MERGED from [com.github.LuckSiege.PictureSelector:picture_library:v2.1.1] AndroidManifest.xml:11:5-80
	android:name
		ADDED from src\main\AndroidManifest.xml:26:22-77
uses-permission#android.permission.VIBRATE
ADDED from src\main\AndroidManifest.xml:27:5-66
	android:name
		ADDED from src\main\AndroidManifest.xml:27:22-63
uses-permission#android.permission.MOUNT_UNMOUNT_FILESYSTEMS
ADDED from src\main\AndroidManifest.xml:28:5-84
MERGED from [com.github.LuckSiege.PictureSelector:picture_library:v2.1.1] AndroidManifest.xml:14:5-84
	android:name
		ADDED from src\main\AndroidManifest.xml:28:22-81
uses-permission#android.permission.ACCESS_NETWORK_STATE
ADDED from src\main\AndroidManifest.xml:29:5-79
MERGED from [com.github.LuckSiege.PictureSelector:picture_library:v2.1.1] AndroidManifest.xml:19:5-79
	android:name
		ADDED from src\main\AndroidManifest.xml:29:22-76
uses-permission#android.permission.WRITE_SETTINGS
ADDED from src\main\AndroidManifest.xml:30:5-73
MERGED from [com.github.LuckSiege.PictureSelector:picture_library:v2.1.1] AndroidManifest.xml:16:5-73
	android:name
		ADDED from src\main\AndroidManifest.xml:30:22-70
uses-permission#android.permission.ACCESS_WIFI_STATE
ADDED from src\main\AndroidManifest.xml:31:5-76
MERGED from [com.github.LuckSiege.PictureSelector:picture_library:v2.1.1] AndroidManifest.xml:17:5-76
	android:name
		ADDED from src\main\AndroidManifest.xml:31:22-73
uses-permission#android.permission.SYSTEM_ALERT_WINDOW
ADDED from src\main\AndroidManifest.xml:34:5-78
	android:name
		ADDED from src\main\AndroidManifest.xml:34:22-75
uses-permission#android.permission.ACCESS_COARSE_LOCATION
ADDED from src\main\AndroidManifest.xml:35:5-81
	android:name
		ADDED from src\main\AndroidManifest.xml:35:22-78
uses-permission#android.permission.CHANGE_WIFI_STATE
ADDED from src\main\AndroidManifest.xml:36:5-76
	android:name
		ADDED from src\main\AndroidManifest.xml:36:22-73
uses-permission#android.permission.ACCESS_LOCATION_EXTRA_COMMANDS
ADDED from src\main\AndroidManifest.xml:37:5-89
	android:name
		ADDED from src\main\AndroidManifest.xml:37:22-86
uses-permission#android.permission.CHANGE_NETWORK_STATE
ADDED from src\main\AndroidManifest.xml:38:5-79
	android:name
		ADDED from src\main\AndroidManifest.xml:38:22-76
uses-permission#android.permission.GET_TASKS
ADDED from src\main\AndroidManifest.xml:39:5-68
	android:name
		ADDED from src\main\AndroidManifest.xml:39:22-65
application
ADDED from src\main\AndroidManifest.xml:42:5-277:19
MERGED from [com.android.support.constraint:constraint-layout:1.0.2] AndroidManifest.xml:9:5-20
MERGED from [com.github.LuckSiege.PictureSelector:picture_library:v2.1.1] AndroidManifest.xml:22:5-55:19
MERGED from [com.android.support:appcompat-v7:25.3.1] AndroidManifest.xml:29:5-20
MERGED from [com.android.support:animated-vector-drawable:25.3.1] AndroidManifest.xml:26:5-20
MERGED from [com.android.support:support-vector-drawable:25.3.1] AndroidManifest.xml:26:5-20
MERGED from [com.android.support:support-v4:25.3.1] AndroidManifest.xml:29:5-20
MERGED from [com.android.support:support-fragment:25.3.1] AndroidManifest.xml:29:5-20
MERGED from [com.android.support:support-media-compat:25.3.1] AndroidManifest.xml:29:5-20
MERGED from [com.android.support:support-core-ui:25.3.1] AndroidManifest.xml:29:5-20
MERGED from [com.android.support:support-core-utils:25.3.1] AndroidManifest.xml:29:5-20
MERGED from [com.android.support:support-compat:25.3.1] AndroidManifest.xml:29:5-20
	android:label
		ADDED from src\main\AndroidManifest.xml:46:9-41
	android:supportsRtl
		ADDED from [com.github.LuckSiege.PictureSelector:picture_library:v2.1.1] AndroidManifest.xml:24:9-35
	android:allowBackup
		ADDED from src\main\AndroidManifest.xml:44:9-35
		REJECTED from [com.github.LuckSiege.PictureSelector:picture_library:v2.1.1] AndroidManifest.xml:23:9-35
	android:icon
		ADDED from src\main\AndroidManifest.xml:45:9-45
	android:theme
		ADDED from src\main\AndroidManifest.xml:47:9-62
	tools:replace
		ADDED from src\main\AndroidManifest.xml:48:9-61
	android:name
		ADDED from src\main\AndroidManifest.xml:43:9-60
activity#com.lss.duolejie_seller.A0_Welcome
ADDED from src\main\AndroidManifest.xml:49:9-57:20
	android:label
		ADDED from src\main\AndroidManifest.xml:51:13-45
	android:name
		ADDED from src\main\AndroidManifest.xml:50:13-39
intent-filter#android.intent.action.MAIN+android.intent.category.LAUNCHER
ADDED from src\main\AndroidManifest.xml:52:13-56:29
action#android.intent.action.MAIN
ADDED from src\main\AndroidManifest.xml:53:17-69
	android:name
		ADDED from src\main\AndroidManifest.xml:53:25-66
category#android.intent.category.LAUNCHER
ADDED from src\main\AndroidManifest.xml:55:17-77
	android:name
		ADDED from src\main\AndroidManifest.xml:55:27-74
service#cn.jpush.android.service.PushService
ADDED from src\main\AndroidManifest.xml:61:9-71:19
	android:enabled
		ADDED from src\main\AndroidManifest.xml:63:13-35
	android:exported
		ADDED from src\main\AndroidManifest.xml:64:13-37
	android:name
		ADDED from src\main\AndroidManifest.xml:62:13-64
intent-filter#cn.jpush.android.intent.PUSH_TIME+cn.jpush.android.intent.PushService+cn.jpush.android.intent.REGISTER+cn.jpush.android.intent.REPORT
ADDED from src\main\AndroidManifest.xml:65:13-70:29
action#cn.jpush.android.intent.REGISTER
ADDED from src\main\AndroidManifest.xml:66:17-75
	android:name
		ADDED from src\main\AndroidManifest.xml:66:25-72
action#cn.jpush.android.intent.REPORT
ADDED from src\main\AndroidManifest.xml:67:17-73
	android:name
		ADDED from src\main\AndroidManifest.xml:67:25-70
action#cn.jpush.android.intent.PushService
ADDED from src\main\AndroidManifest.xml:68:17-78
	android:name
		ADDED from src\main\AndroidManifest.xml:68:25-75
action#cn.jpush.android.intent.PUSH_TIME
ADDED from src\main\AndroidManifest.xml:69:17-76
	android:name
		ADDED from src\main\AndroidManifest.xml:69:25-73
provider#cn.jpush.android.service.DataProvider
ADDED from src\main\AndroidManifest.xml:74:9-77:39
	android:authorities
		ADDED from src\main\AndroidManifest.xml:76:13-71
	android:exported
		ADDED from src\main\AndroidManifest.xml:77:13-36
	android:name
		ADDED from src\main\AndroidManifest.xml:75:13-65
service#cn.jpush.android.service.DaemonService
ADDED from src\main\AndroidManifest.xml:81:9-90:19
	android:enabled
		ADDED from src\main\AndroidManifest.xml:83:13-35
	android:exported
		ADDED from src\main\AndroidManifest.xml:84:13-36
	android:name
		ADDED from src\main\AndroidManifest.xml:82:13-66
intent-filter#cn.jpush.android.intent.DaemonService+com.lss.duolejie_seller
ADDED from src\main\AndroidManifest.xml:85:13-89:29
action#cn.jpush.android.intent.DaemonService
ADDED from src\main\AndroidManifest.xml:86:17-80
	android:name
		ADDED from src\main\AndroidManifest.xml:86:25-77
category#com.lss.duolejie_seller
ADDED from src\main\AndroidManifest.xml:88:17-68
	android:name
		ADDED from src\main\AndroidManifest.xml:88:27-65
provider#cn.jpush.android.service.DownloadProvider
ADDED from src\main\AndroidManifest.xml:93:9-96:39
	android:authorities
		ADDED from src\main\AndroidManifest.xml:95:13-75
	android:exported
		ADDED from src\main\AndroidManifest.xml:96:13-36
	android:name
		ADDED from src\main\AndroidManifest.xml:94:13-69
receiver#cn.jpush.android.service.PushReceiver
ADDED from src\main\AndroidManifest.xml:99:9-118:20
	android:enabled
		ADDED from src\main\AndroidManifest.xml:101:13-35
	android:name
		ADDED from src\main\AndroidManifest.xml:100:13-65
intent-filter#cn.jpush.android.intent.NOTIFICATION_RECEIVED_PROXY+com.lss.duolejie_seller
ADDED from src\main\AndroidManifest.xml:102:13-106:29
	android:priority
		ADDED from src\main\AndroidManifest.xml:102:28-51
action#cn.jpush.android.intent.NOTIFICATION_RECEIVED_PROXY
ADDED from src\main\AndroidManifest.xml:103:17-94
	android:name
		ADDED from src\main\AndroidManifest.xml:103:25-91
intent-filter#android.intent.action.USER_PRESENT+android.net.conn.CONNECTIVITY_CHANGE
ADDED from src\main\AndroidManifest.xml:107:13-110:29
action#android.intent.action.USER_PRESENT
ADDED from src\main\AndroidManifest.xml:108:17-77
	android:name
		ADDED from src\main\AndroidManifest.xml:108:25-74
action#android.net.conn.CONNECTIVITY_CHANGE
ADDED from src\main\AndroidManifest.xml:109:17-79
	android:name
		ADDED from src\main\AndroidManifest.xml:109:25-76
intent-filter#android.intent.action.PACKAGE_ADDED+android.intent.action.PACKAGE_REMOVED
ADDED from src\main\AndroidManifest.xml:112:13-117:29
action#android.intent.action.PACKAGE_ADDED
ADDED from src\main\AndroidManifest.xml:113:17-78
	android:name
		ADDED from src\main\AndroidManifest.xml:113:25-75
action#android.intent.action.PACKAGE_REMOVED
ADDED from src\main\AndroidManifest.xml:114:17-80
	android:name
		ADDED from src\main\AndroidManifest.xml:114:25-77
data
ADDED from src\main\AndroidManifest.xml:116:17-50
	android:scheme
		ADDED from src\main\AndroidManifest.xml:116:23-47
activity#cn.jpush.android.ui.PushActivity
ADDED from src\main\AndroidManifest.xml:121:9-132:20
	android:exported
		ADDED from src\main\AndroidManifest.xml:124:13-37
	android:configChanges
		ADDED from src\main\AndroidManifest.xml:123:13-63
	android:theme
		ADDED from src\main\AndroidManifest.xml:125:13-60
	android:name
		ADDED from src\main\AndroidManifest.xml:122:13-60
intent-filter#android.intent.category.DEFAULT+cn.jpush.android.ui.PushActivity+com.lss.duolejie_seller
ADDED from src\main\AndroidManifest.xml:126:13-131:29
action#cn.jpush.android.ui.PushActivity
ADDED from src\main\AndroidManifest.xml:127:17-75
	android:name
		ADDED from src\main\AndroidManifest.xml:127:25-72
category#android.intent.category.DEFAULT
ADDED from src\main\AndroidManifest.xml:129:17-76
	android:name
		ADDED from src\main\AndroidManifest.xml:129:27-73
activity#cn.jpush.android.ui.PopWinActivity
ADDED from src\main\AndroidManifest.xml:134:9-143:20
	android:exported
		ADDED from src\main\AndroidManifest.xml:137:13-37
	android:configChanges
		ADDED from src\main\AndroidManifest.xml:136:13-63
	android:theme
		ADDED from src\main\AndroidManifest.xml:138:13-49
	android:name
		ADDED from src\main\AndroidManifest.xml:135:13-62
intent-filter#android.intent.category.DEFAULT+com.lss.duolejie_seller
ADDED from src\main\AndroidManifest.xml:139:13-142:29
service#cn.jpush.android.service.DownloadService
ADDED from src\main\AndroidManifest.xml:146:9-149:48
	android:enabled
		ADDED from src\main\AndroidManifest.xml:148:13-35
	android:exported
		ADDED from src\main\AndroidManifest.xml:149:13-37
	android:name
		ADDED from src\main\AndroidManifest.xml:147:13-68
receiver#cn.jpush.android.service.AlarmReceiver
ADDED from src\main\AndroidManifest.xml:152:9-75
	android:name
		ADDED from src\main\AndroidManifest.xml:152:19-72
meta-data#JPUSH_CHANNEL
ADDED from src\main\AndroidManifest.xml:193:9-195:49
	android:value
		ADDED from src\main\AndroidManifest.xml:195:13-46
	android:name
		ADDED from src\main\AndroidManifest.xml:194:13-41
meta-data#JPUSH_APPKEY
ADDED from src\main\AndroidManifest.xml:197:9-199:56
	android:value
		ADDED from src\main\AndroidManifest.xml:199:13-53
	android:name
		ADDED from src\main\AndroidManifest.xml:198:13-40
activity#com.lss.duolejie_seller.A1_IntroActivity
ADDED from src\main\AndroidManifest.xml:206:9-54
	android:name
		ADDED from src\main\AndroidManifest.xml:206:19-51
activity#com.lss.duolejie_seller.DuoLeLoginActivity
ADDED from src\main\AndroidManifest.xml:207:9-56
	android:name
		ADDED from src\main\AndroidManifest.xml:207:19-53
activity#com.lss.duolejie_seller.DuoLeRuZhuActivity
ADDED from src\main\AndroidManifest.xml:208:9-56
	android:name
		ADDED from src\main\AndroidManifest.xml:208:19-53
activity#com.lss.duolejie_seller.DuoLeMainActivity
ADDED from src\main\AndroidManifest.xml:209:9-55
	android:name
		ADDED from src\main\AndroidManifest.xml:209:19-52
activity#com.lss.duolejie_seller.BianJiZiLiaoActivity
ADDED from src\main\AndroidManifest.xml:210:9-58
	android:name
		ADDED from src\main\AndroidManifest.xml:210:19-55
activity#com.lss.duolejie_seller.FuKuanErWeiMaActivity
ADDED from src\main\AndroidManifest.xml:211:9-59
	android:name
		ADDED from src\main\AndroidManifest.xml:211:19-56
activity#com.lss.duolejie_seller.ShouKuanShuoMingActivity
ADDED from src\main\AndroidManifest.xml:212:9-62
	android:name
		ADDED from src\main\AndroidManifest.xml:212:19-59
activity#com.lss.duolejie_seller.ZhangDanMingXiAcitivity
ADDED from src\main\AndroidManifest.xml:213:9-61
	android:name
		ADDED from src\main\AndroidManifest.xml:213:19-58
activity#com.lss.duolejie_seller.TiXianAcitivity
ADDED from src\main\AndroidManifest.xml:214:9-53
	android:name
		ADDED from src\main\AndroidManifest.xml:214:19-50
activity#com.lss.duolejie_seller.ShangJiaZhongXinActivity
ADDED from src\main\AndroidManifest.xml:215:9-62
	android:name
		ADDED from src\main\AndroidManifest.xml:215:19-59
activity#com.lss.duolejie_seller.DuoLeGuanYuActivity
ADDED from src\main\AndroidManifest.xml:216:9-57
	android:name
		ADDED from src\main\AndroidManifest.xml:216:19-54
activity#com.lss.duolejie_seller.DuoLeBangZhuActivity
ADDED from src\main\AndroidManifest.xml:217:9-58
	android:name
		ADDED from src\main\AndroidManifest.xml:217:19-55
activity#com.lss.duolejie_seller.MiMaGuanLiActivity
ADDED from src\main\AndroidManifest.xml:218:9-56
	android:name
		ADDED from src\main\AndroidManifest.xml:218:19-53
activity#com.lss.duolejie_seller.XiuGaiDengLuMiMaActivity
ADDED from src\main\AndroidManifest.xml:219:9-62
	android:name
		ADDED from src\main\AndroidManifest.xml:219:19-59
activity#com.lss.duolejie_seller.XiuGaiZhiFuMiMaActivity
ADDED from src\main\AndroidManifest.xml:220:9-61
	android:name
		ADDED from src\main\AndroidManifest.xml:220:19-58
activity#com.lss.duolejie_seller.DuoLeYueDuActivity
ADDED from src\main\AndroidManifest.xml:221:9-56
	android:name
		ADDED from src\main\AndroidManifest.xml:221:19-53
activity#com.lss.duolejie_seller.WangJiMiMaActivity
ADDED from src\main\AndroidManifest.xml:222:9-56
	android:name
		ADDED from src\main\AndroidManifest.xml:222:19-53
activity#com.lss.duolejie_seller.ZhuanZhang1Acitivity
ADDED from src\main\AndroidManifest.xml:223:9-58
	android:name
		ADDED from src\main\AndroidManifest.xml:223:19-55
activity#com.lss.duolejie_seller.ZhuanZhang2Acitivity
ADDED from src\main\AndroidManifest.xml:224:9-58
	android:name
		ADDED from src\main\AndroidManifest.xml:224:19-55
activity#com.lss.duolejie_seller.ZhuanZhang3Acitivity
ADDED from src\main\AndroidManifest.xml:225:9-58
	android:name
		ADDED from src\main\AndroidManifest.xml:225:19-55
activity#com.lss.duolejie_seller.SaoMiaoActivity
ADDED from src\main\AndroidManifest.xml:226:9-53
	android:name
		ADDED from src\main\AndroidManifest.xml:226:19-50
activity#com.lss.duolejie_seller.IntentActivity
ADDED from src\main\AndroidManifest.xml:227:9-52
	android:name
		ADDED from src\main\AndroidManifest.xml:227:19-49
activity#com.lss.duolejie_seller.B4_OrderActivity
ADDED from src\main\AndroidManifest.xml:236:9-63
	android:name
		ADDED from src\main\AndroidManifest.xml:236:19-51
activity#com.lss.duolejie_seller.B5_1_LoginActivity
ADDED from src\main\AndroidManifest.xml:239:9-65
	android:name
		ADDED from src\main\AndroidManifest.xml:239:19-53
activity#com.lss.duolejie_seller.B_1_1_Edit
ADDED from src\main\AndroidManifest.xml:244:9-57
	android:name
		ADDED from src\main\AndroidManifest.xml:244:19-45
activity#com.lss.duolejie_seller.B3_23_LocationActivity
ADDED from src\main\AndroidManifest.xml:249:9-69
	android:name
		ADDED from src\main\AndroidManifest.xml:249:19-57
activity#com.lss.duolejie_seller.StoremanageActivity
ADDED from src\main\AndroidManifest.xml:251:9-56
	android:name
		ADDED from src\main\AndroidManifest.xml:251:19-54
activity#com.lss.duolejie_seller.StoreManage2Activity
ADDED from src\main\AndroidManifest.xml:252:9-253:54
	android:windowSoftInputMode
		ADDED from src\main\AndroidManifest.xml:253:13-52
	android:name
		ADDED from src\main\AndroidManifest.xml:252:19-55
activity#com.storemanager.PlusImageActivity
ADDED from src\main\AndroidManifest.xml:255:9-256:71
	android:theme
		ADDED from src\main\AndroidManifest.xml:256:13-69
	android:name
		ADDED from src\main\AndroidManifest.xml:255:19-68
provider#android.support.v4.content.FileProvider
ADDED from src\main\AndroidManifest.xml:258:9-266:20
	android:authorities
		ADDED from src\main\AndroidManifest.xml:260:13-58
	android:grantUriPermissions
		ADDED from src\main\AndroidManifest.xml:262:13-47
	android:exported
		ADDED from src\main\AndroidManifest.xml:261:13-37
	android:name
		ADDED from src\main\AndroidManifest.xml:259:13-67
meta-data#android.support.FILE_PROVIDER_PATHS
ADDED from src\main\AndroidManifest.xml:263:13-265:54
	android:resource
		ADDED from src\main\AndroidManifest.xml:265:17-51
	android:name
		ADDED from src\main\AndroidManifest.xml:264:17-67
meta-data#com.amap.api.v2.apikey
ADDED from src\main\AndroidManifest.xml:271:9-273:64
	android:value
		ADDED from src\main\AndroidManifest.xml:273:13-61
	android:name
		ADDED from src\main\AndroidManifest.xml:272:13-50
meta-data#android.max_aspect
ADDED from src\main\AndroidManifest.xml:274:9-276:35
	android:value
		ADDED from src\main\AndroidManifest.xml:276:13-32
	android:name
		ADDED from src\main\AndroidManifest.xml:275:13-46
uses-sdk
INJECTED from src\main\AndroidManifest.xml reason: use-sdk injection requested
MERGED from [com.android.support:multidex:1.0.1] AndroidManifest.xml:18:5-42
MERGED from [com.android.support.constraint:constraint-layout:1.0.2] AndroidManifest.xml:5:5-7:41
MERGED from [com.github.LuckSiege.PictureSelector:picture_library:v2.1.1] AndroidManifest.xml:7:5-9:41
MERGED from [com.github.LuckSiege.PictureSelector:ucrop:v2.1.1] AndroidManifest.xml:8:5-10:41
MERGED from [com.android.support:appcompat-v7:25.3.1] AndroidManifest.xml:21:5-23:78
MERGED from [com.android.support:animated-vector-drawable:25.3.1] AndroidManifest.xml:20:5-44
MERGED from [com.android.support:support-vector-drawable:25.3.1] AndroidManifest.xml:20:5-43
MERGED from [com.android.support:recyclerview-v7:23.4.0] AndroidManifest.xml:20:5-43
MERGED from [com.github.chrisbanes.photoview:library:1.2.4] AndroidManifest.xml:7:5-9:41
MERGED from [com.android.support:support-v4:25.3.1] AndroidManifest.xml:21:5-23:54
MERGED from [com.android.support:support-fragment:25.3.1] AndroidManifest.xml:21:5-23:60
MERGED from [com.android.support:support-media-compat:25.3.1] AndroidManifest.xml:21:5-23:63
MERGED from [com.android.support:support-core-ui:25.3.1] AndroidManifest.xml:21:5-23:58
MERGED from [com.android.support:support-core-utils:25.3.1] AndroidManifest.xml:21:5-23:61
MERGED from [com.android.support:support-compat:25.3.1] AndroidManifest.xml:21:5-23:58
MERGED from [io.reactivex.rxjava2:rxandroid:2.0.1] AndroidManifest.xml:19:5-43
	tools:overrideLibrary
		ADDED from [com.android.support:appcompat-v7:25.3.1] AndroidManifest.xml:23:9-75
	android:targetSdkVersion
		INJECTED from src\main\AndroidManifest.xml
		INJECTED from src\main\AndroidManifest.xml
	android:minSdkVersion
		INJECTED from src\main\AndroidManifest.xml
		INJECTED from src\main\AndroidManifest.xml
uses-permission#android.permission.WRITE_MEDIA_STORAGE
ADDED from [com.github.LuckSiege.PictureSelector:picture_library:v2.1.1] AndroidManifest.xml:18:5-78
	android:name
		ADDED from [com.github.LuckSiege.PictureSelector:picture_library:v2.1.1] AndroidManifest.xml:18:22-75
uses-permission#android.permission.RECORD_AUDIO
ADDED from [com.github.LuckSiege.PictureSelector:picture_library:v2.1.1] AndroidManifest.xml:20:5-71
	android:name
		ADDED from [com.github.LuckSiege.PictureSelector:picture_library:v2.1.1] AndroidManifest.xml:20:22-68
activity#com.luck.picture.lib.PictureSelectorActivity
ADDED from [com.github.LuckSiege.PictureSelector:picture_library:v2.1.1] AndroidManifest.xml:25:9-29:55
	android:screenOrientation
		ADDED from [com.github.LuckSiege.PictureSelector:picture_library:v2.1.1] AndroidManifest.xml:27:13-49
	android:windowSoftInputMode
		ADDED from [com.github.LuckSiege.PictureSelector:picture_library:v2.1.1] AndroidManifest.xml:29:13-52
	android:theme
		ADDED from [com.github.LuckSiege.PictureSelector:picture_library:v2.1.1] AndroidManifest.xml:28:13-50
	android:name
		ADDED from [com.github.LuckSiege.PictureSelector:picture_library:v2.1.1] AndroidManifest.xml:26:13-72
activity#com.luck.picture.lib.PictureBaseActivity
ADDED from [com.github.LuckSiege.PictureSelector:picture_library:v2.1.1] AndroidManifest.xml:30:9-32:52
	android:screenOrientation
		ADDED from [com.github.LuckSiege.PictureSelector:picture_library:v2.1.1] AndroidManifest.xml:32:13-49
	android:name
		ADDED from [com.github.LuckSiege.PictureSelector:picture_library:v2.1.1] AndroidManifest.xml:31:13-68
activity#com.luck.picture.lib.PicturePreviewActivity
ADDED from [com.github.LuckSiege.PictureSelector:picture_library:v2.1.1] AndroidManifest.xml:33:9-35:52
	android:screenOrientation
		ADDED from [com.github.LuckSiege.PictureSelector:picture_library:v2.1.1] AndroidManifest.xml:35:13-49
	android:name
		ADDED from [com.github.LuckSiege.PictureSelector:picture_library:v2.1.1] AndroidManifest.xml:34:13-71
activity#com.luck.picture.lib.PictureVideoPlayActivity
ADDED from [com.github.LuckSiege.PictureSelector:picture_library:v2.1.1] AndroidManifest.xml:36:9-39:50
	android:screenOrientation
		ADDED from [com.github.LuckSiege.PictureSelector:picture_library:v2.1.1] AndroidManifest.xml:39:13-47
	android:configChanges
		ADDED from [com.github.LuckSiege.PictureSelector:picture_library:v2.1.1] AndroidManifest.xml:38:13-74
	android:name
		ADDED from [com.github.LuckSiege.PictureSelector:picture_library:v2.1.1] AndroidManifest.xml:37:13-73
activity#com.luck.picture.lib.PictureExternalPreviewActivity
ADDED from [com.github.LuckSiege.PictureSelector:picture_library:v2.1.1] AndroidManifest.xml:40:9-42:52
	android:screenOrientation
		ADDED from [com.github.LuckSiege.PictureSelector:picture_library:v2.1.1] AndroidManifest.xml:42:13-49
	android:name
		ADDED from [com.github.LuckSiege.PictureSelector:picture_library:v2.1.1] AndroidManifest.xml:41:13-79
activity#com.yalantis.ucrop.UCropActivity
ADDED from [com.github.LuckSiege.PictureSelector:picture_library:v2.1.1] AndroidManifest.xml:43:9-46:72
	android:screenOrientation
		ADDED from [com.github.LuckSiege.PictureSelector:picture_library:v2.1.1] AndroidManifest.xml:45:13-49
	android:theme
		ADDED from [com.github.LuckSiege.PictureSelector:picture_library:v2.1.1] AndroidManifest.xml:46:13-69
	android:name
		ADDED from [com.github.LuckSiege.PictureSelector:picture_library:v2.1.1] AndroidManifest.xml:44:13-60
activity#com.yalantis.ucrop.PictureMultiCuttingActivity
ADDED from [com.github.LuckSiege.PictureSelector:picture_library:v2.1.1] AndroidManifest.xml:47:9-50:72
	android:screenOrientation
		ADDED from [com.github.LuckSiege.PictureSelector:picture_library:v2.1.1] AndroidManifest.xml:49:13-49
	android:theme
		ADDED from [com.github.LuckSiege.PictureSelector:picture_library:v2.1.1] AndroidManifest.xml:50:13-69
	android:name
		ADDED from [com.github.LuckSiege.PictureSelector:picture_library:v2.1.1] AndroidManifest.xml:48:13-74
activity#com.luck.picture.lib.PicturePlayAudioActivity
ADDED from [com.github.LuckSiege.PictureSelector:picture_library:v2.1.1] AndroidManifest.xml:51:9-54:72
	android:screenOrientation
		ADDED from [com.github.LuckSiege.PictureSelector:picture_library:v2.1.1] AndroidManifest.xml:53:13-49
	android:theme
		ADDED from [com.github.LuckSiege.PictureSelector:picture_library:v2.1.1] AndroidManifest.xml:54:13-69
	android:name
		ADDED from [com.github.LuckSiege.PictureSelector:picture_library:v2.1.1] AndroidManifest.xml:52:13-73
meta-data#android.support.VERSION
ADDED from [com.android.support:appcompat-v7:25.3.1] AndroidManifest.xml:25:5-27:34
MERGED from [com.android.support:animated-vector-drawable:25.3.1] AndroidManifest.xml:22:5-24:34
MERGED from [com.android.support:support-vector-drawable:25.3.1] AndroidManifest.xml:22:5-24:34
MERGED from [com.android.support:support-v4:25.3.1] AndroidManifest.xml:25:5-27:34
MERGED from [com.android.support:support-fragment:25.3.1] AndroidManifest.xml:25:5-27:34
MERGED from [com.android.support:support-media-compat:25.3.1] AndroidManifest.xml:25:5-27:34
MERGED from [com.android.support:support-core-ui:25.3.1] AndroidManifest.xml:25:5-27:34
MERGED from [com.android.support:support-core-utils:25.3.1] AndroidManifest.xml:25:5-27:34
MERGED from [com.android.support:support-compat:25.3.1] AndroidManifest.xml:25:5-27:34
	android:value
		ADDED from [com.android.support:appcompat-v7:25.3.1] AndroidManifest.xml:27:9-31
	android:name
		ADDED from [com.android.support:appcompat-v7:25.3.1] AndroidManifest.xml:26:9-47